
[38;5;6m [38;5;5m04:12:35.35 [0m
[38;5;6m [38;5;5m04:12:35.35 [0m[1mWelcome to the Bitnami spark container[0m
[38;5;6m [38;5;5m04:12:35.35 [0mSubscribe to project updates by watching [1mhttps://github.com/bitnami/bitnami-docker-spark[0m
starting org.apache.spark.deploy.master.Master, logging to /opt/bitnami/spark/logs/spark--org.apache.spark.deploy.master.Master-1-a4e697426dc0.out
[38;5;6m [38;5;5m04:12:35.36 [0mSubmit issues and feature requests at [1mhttps://github.com/bitnami/bitnami-docker-spark/issues[0m
[38;5;6m [38;5;5m04:12:35.36 [0m
[38;5;6m [38;5;5m04:12:35.36 [0m[38;5;2mINFO [0m ==> ** Starting Spark setup **
[38;5;6m [38;5;5m04:12:35.38 [0m[38;5;2mINFO [0m ==> Generating Spark configuration file...
[38;5;6m [38;5;5m04:12:35.39 [0m[38;5;2mINFO [0m ==> ** Spark setup finished! **
[38;5;6m [38;5;5m04:12:35.40 [0m[38;5;2mINFO [0m ==> ** Starting Spark in master mode **
Spark Command: /opt/bitnami/java/bin/java -cp /opt/bitnami/spark/conf/:/opt/bitnami/spark/jars/* -Xmx1g org.apache.spark.deploy.master.Master --host a4e697426dc0 --port 7077 --webui-port 8080
========================================
Using Spark's default log4j profile: org/apache/spark/log4j-defaults.properties
21/08/09 04:12:37 INFO Master: Started daemon with process name: 40@a4e697426dc0
21/08/09 04:12:37 INFO SignalUtils: Registering signal handler for TERM
21/08/09 04:12:37 INFO SignalUtils: Registering signal handler for HUP
21/08/09 04:12:37 INFO SignalUtils: Registering signal handler for INT
21/08/09 04:12:37 WARN NativeCodeLoader: Unable to load native-hadoop library for your platform... using builtin-java classes where applicable
21/08/09 04:12:38 INFO SecurityManager: Changing view acls to: spark
21/08/09 04:12:38 INFO SecurityManager: Changing modify acls to: spark
21/08/09 04:12:38 INFO SecurityManager: Changing view acls groups to: 
21/08/09 04:12:38 INFO SecurityManager: Changing modify acls groups to: 
21/08/09 04:12:38 INFO SecurityManager: SecurityManager: authentication disabled; ui acls disabled; users  with view permissions: Set(spark); groups with view permissions: Set(); users  with modify permissions: Set(spark); groups with modify permissions: Set()
21/08/09 04:12:39 INFO Utils: Successfully started service 'sparkMaster' on port 7077.
21/08/09 04:12:39 INFO Master: Starting Spark master at spark://a4e697426dc0:7077
21/08/09 04:12:39 INFO Master: Running Spark version 3.1.2
21/08/09 04:12:39 INFO Utils: Successfully started service 'MasterUI' on port 8080.
21/08/09 04:12:39 INFO MasterWebUI: Bound MasterWebUI to 0.0.0.0, and started at http://a4e697426dc0:8080
21/08/09 04:12:40 INFO Master: I have been elected leader! New state: ALIVE
21/08/09 04:12:41 INFO Master: Registering worker 172.21.0.4:39789 with 1 cores, 1024.0 MiB RAM
